c:\users\administrator\desktop\cef_binary_3.3202.1686.gd665578_windows32\libcef_dll_wrapper\libcef_dll_wrapper.dir\debug\transfer_util.obj
c:\users\administrator\desktop\cef_binary_3.3202.1686.gd665578_windows32\libcef_dll_wrapper\libcef_dll_wrapper.dir\debug\cef_string16.obj
c:\users\administrator\desktop\cef_binary_3.3202.1686.gd665578_windows32\libcef_dll_wrapper\libcef_dll_wrapper.dir\debug\base_ref_counted_cpptoc.obj
c:\users\administrator\desktop\cef_binary_3.3202.1686.gd665578_windows32\libcef_dll_wrapper\libcef_dll_wrapper.dir\debug\delete_cookies_callback_cpptoc.obj
c:\users\administrator\desktop\cef_binary_3.3202.1686.gd665578_windows32\libcef_dll_wrapper\libcef_dll_wrapper.dir\debug\drag_handler_cpptoc.obj
c:\users\administrator\desktop\cef_binary_3.3202.1686.gd665578_windows32\libcef_dll_wrapper\libcef_dll_wrapper.dir\debug\life_span_handler_cpptoc.obj
c:\users\administrator\desktop\cef_binary_3.3202.1686.gd665578_windows32\libcef_dll_wrapper\libcef_dll_wrapper.dir\debug\render_handler_cpptoc.obj
c:\users\administrator\desktop\cef_binary_3.3202.1686.gd665578_windows32\libcef_dll_wrapper\libcef_dll_wrapper.dir\debug\run_file_dialog_callback_cpptoc.obj
c:\users\administrator\desktop\cef_binary_3.3202.1686.gd665578_windows32\libcef_dll_wrapper\libcef_dll_wrapper.dir\debug\v8interceptor_cpptoc.obj
c:\users\administrator\desktop\cef_binary_3.3202.1686.gd665578_windows32\libcef_dll_wrapper\libcef_dll_wrapper.dir\debug\browser_view_delegate_cpptoc.obj
c:\users\administrator\desktop\cef_binary_3.3202.1686.gd665578_windows32\libcef_dll_wrapper\libcef_dll_wrapper.dir\debug\before_download_callback_ctocpp.obj
c:\users\administrator\desktop\cef_binary_3.3202.1686.gd665578_windows32\libcef_dll_wrapper\libcef_dll_wrapper.dir\debug\domdocument_ctocpp.obj
c:\users\administrator\desktop\cef_binary_3.3202.1686.gd665578_windows32\libcef_dll_wrapper\libcef_dll_wrapper.dir\debug\frame_ctocpp.obj
c:\users\administrator\desktop\cef_binary_3.3202.1686.gd665578_windows32\libcef_dll_wrapper\libcef_dll_wrapper.dir\debug\post_data_element_ctocpp.obj
c:\users\administrator\desktop\cef_binary_3.3202.1686.gd665578_windows32\libcef_dll_wrapper\libcef_dll_wrapper.dir\debug\resource_bundle_ctocpp.obj
c:\users\administrator\desktop\cef_binary_3.3202.1686.gd665578_windows32\libcef_dll_wrapper\libcef_dll_wrapper.dir\debug\stream_reader_ctocpp.obj
c:\users\administrator\desktop\cef_binary_3.3202.1686.gd665578_windows32\libcef_dll_wrapper\libcef_dll_wrapper.dir\debug\v8stack_trace_ctocpp.obj
c:\users\administrator\desktop\cef_binary_3.3202.1686.gd665578_windows32\libcef_dll_wrapper\libcef_dll_wrapper.dir\debug\zip_reader_ctocpp.obj
c:\users\administrator\desktop\cef_binary_3.3202.1686.gd665578_windows32\libcef_dll_wrapper\libcef_dll_wrapper.dir\debug\translator_test_scoped_library_ctocpp.obj
c:\users\administrator\desktop\cef_binary_3.3202.1686.gd665578_windows32\libcef_dll_wrapper\libcef_dll_wrapper.dir\debug\menu_button_ctocpp.obj
c:\users\administrator\desktop\cef_binary_3.3202.1686.gd665578_windows32\libcef_dll_wrapper\libcef_dll_wrapper.dir\debug\cef_closure_task.obj
c:\users\administrator\desktop\cef_binary_3.3202.1686.gd665578_windows32\libcef_dll_wrapper\libcef_dll_wrapper.dir\debug\libcef_dll_wrapper.obj
c:\users\administrator\desktop\cef_binary_3.3202.1686.gd665578_windows32\libcef_dll_wrapper\libcef_dll_wrapper.dir\debug\cef_callback_helpers.obj
c:\users\administrator\desktop\cef_binary_3.3202.1686.gd665578_windows32\libcef_dll_wrapper\libcef_dll_wrapper.dir\debug\cef_weak_ptr.obj
c:\users\administrator\desktop\cef_binary_3.3202.1686.gd665578_windows32\libcef_dll_wrapper\libcef_dll_wrapper.dir\debug\context_menu_handler_cpptoc.obj
c:\users\administrator\desktop\cef_binary_3.3202.1686.gd665578_windows32\libcef_dll_wrapper\libcef_dll_wrapper.dir\debug\extension_handler_cpptoc.obj
c:\users\administrator\desktop\cef_binary_3.3202.1686.gd665578_windows32\libcef_dll_wrapper\libcef_dll_wrapper.dir\debug\load_handler_cpptoc.obj
c:\users\administrator\desktop\cef_binary_3.3202.1686.gd665578_windows32\libcef_dll_wrapper\libcef_dll_wrapper.dir\debug\request_context_handler_cpptoc.obj
c:\users\administrator\desktop\cef_binary_3.3202.1686.gd665578_windows32\libcef_dll_wrapper\libcef_dll_wrapper.dir\debug\set_cookie_callback_cpptoc.obj
c:\users\administrator\desktop\cef_binary_3.3202.1686.gd665578_windows32\libcef_dll_wrapper\libcef_dll_wrapper.dir\debug\web_plugin_info_visitor_cpptoc.obj
c:\users\administrator\desktop\cef_binary_3.3202.1686.gd665578_windows32\libcef_dll_wrapper\libcef_dll_wrapper.dir\debug\button_delegate_cpptoc.obj
c:\users\administrator\desktop\cef_binary_3.3202.1686.gd665578_windows32\libcef_dll_wrapper\libcef_dll_wrapper.dir\debug\browser_host_ctocpp.obj
c:\users\administrator\desktop\cef_binary_3.3202.1686.gd665578_windows32\libcef_dll_wrapper\libcef_dll_wrapper.dir\debug\drag_data_ctocpp.obj
c:\users\administrator\desktop\cef_binary_3.3202.1686.gd665578_windows32\libcef_dll_wrapper\libcef_dll_wrapper.dir\debug\list_value_ctocpp.obj
c:\users\administrator\desktop\cef_binary_3.3202.1686.gd665578_windows32\libcef_dll_wrapper\libcef_dll_wrapper.dir\debug\process_message_ctocpp.obj
c:\users\administrator\desktop\cef_binary_3.3202.1686.gd665578_windows32\libcef_dll_wrapper\libcef_dll_wrapper.dir\debug\select_client_certificate_callback_ctocpp.obj
c:\users\administrator\desktop\cef_binary_3.3202.1686.gd665578_windows32\libcef_dll_wrapper\libcef_dll_wrapper.dir\debug\v8context_ctocpp.obj
c:\users\administrator\desktop\cef_binary_3.3202.1686.gd665578_windows32\libcef_dll_wrapper\libcef_dll_wrapper.dir\debug\x509cert_principal_ctocpp.obj
c:\users\administrator\desktop\cef_binary_3.3202.1686.gd665578_windows32\libcef_dll_wrapper\libcef_dll_wrapper.dir\debug\translator_test_scoped_library_child_ctocpp.obj
c:\users\administrator\desktop\cef_binary_3.3202.1686.gd665578_windows32\libcef_dll_wrapper\libcef_dll_wrapper.dir\debug\layout_ctocpp.obj
c:\users\administrator\desktop\cef_binary_3.3202.1686.gd665578_windows32\libcef_dll_wrapper\libcef_dll_wrapper.dir\debug\window_ctocpp.obj
c:\users\administrator\desktop\cef_binary_3.3202.1686.gd665578_windows32\libcef_dll_wrapper\libcef_dll_wrapper.dir\debug\libcef_dll_wrapper2.obj
c:\users\administrator\desktop\cef_binary_3.3202.1686.gd665578_windows32\libcef_dll_wrapper\libcef_dll_wrapper.dir\debug\cef_lock.obj
c:\users\administrator\desktop\cef_binary_3.3202.1686.gd665578_windows32\libcef_dll_wrapper\libcef_dll_wrapper.dir\debug\accessibility_handler_cpptoc.obj
c:\users\administrator\desktop\cef_binary_3.3202.1686.gd665578_windows32\libcef_dll_wrapper\libcef_dll_wrapper.dir\debug\cookie_visitor_cpptoc.obj
c:\users\administrator\desktop\cef_binary_3.3202.1686.gd665578_windows32\libcef_dll_wrapper\libcef_dll_wrapper.dir\debug\end_tracing_callback_cpptoc.obj
c:\users\administrator\desktop\cef_binary_3.3202.1686.gd665578_windows32\libcef_dll_wrapper\libcef_dll_wrapper.dir\debug\jsdialog_handler_cpptoc.obj
c:\users\administrator\desktop\cef_binary_3.3202.1686.gd665578_windows32\libcef_dll_wrapper\libcef_dll_wrapper.dir\debug\read_handler_cpptoc.obj
c:\users\administrator\desktop\cef_binary_3.3202.1686.gd665578_windows32\libcef_dll_wrapper\libcef_dll_wrapper.dir\debug\resource_bundle_handler_cpptoc.obj
c:\users\administrator\desktop\cef_binary_3.3202.1686.gd665578_windows32\libcef_dll_wrapper\libcef_dll_wrapper.dir\debug\task_cpptoc.obj
c:\users\administrator\desktop\cef_binary_3.3202.1686.gd665578_windows32\libcef_dll_wrapper\libcef_dll_wrapper.dir\debug\translator_test_ref_ptr_client_child_cpptoc.obj
c:\users\administrator\desktop\cef_binary_3.3202.1686.gd665578_windows32\libcef_dll_wrapper\libcef_dll_wrapper.dir\debug\textfield_delegate_cpptoc.obj
c:\users\administrator\desktop\cef_binary_3.3202.1686.gd665578_windows32\libcef_dll_wrapper\libcef_dll_wrapper.dir\debug\callback_ctocpp.obj
c:\users\administrator\desktop\cef_binary_3.3202.1686.gd665578_windows32\libcef_dll_wrapper\libcef_dll_wrapper.dir\debug\domnode_ctocpp.obj
c:\users\administrator\desktop\cef_binary_3.3202.1686.gd665578_windows32\libcef_dll_wrapper\libcef_dll_wrapper.dir\debug\get_extension_resource_callback_ctocpp.obj
c:\users\administrator\desktop\cef_binary_3.3202.1686.gd665578_windows32\libcef_dll_wrapper\libcef_dll_wrapper.dir\debug\print_dialog_callback_ctocpp.obj
c:\users\administrator\desktop\cef_binary_3.3202.1686.gd665578_windows32\libcef_dll_wrapper\libcef_dll_wrapper.dir\debug\response_ctocpp.obj
c:\users\administrator\desktop\cef_binary_3.3202.1686.gd665578_windows32\libcef_dll_wrapper\libcef_dll_wrapper.dir\debug\stream_writer_ctocpp.obj
c:\users\administrator\desktop\cef_binary_3.3202.1686.gd665578_windows32\libcef_dll_wrapper\libcef_dll_wrapper.dir\debug\v8value_ctocpp.obj
c:\users\administrator\desktop\cef_binary_3.3202.1686.gd665578_windows32\libcef_dll_wrapper\libcef_dll_wrapper.dir\debug\translator_test_ref_ptr_library_child_ctocpp.obj
c:\users\administrator\desktop\cef_binary_3.3202.1686.gd665578_windows32\libcef_dll_wrapper\libcef_dll_wrapper.dir\debug\browser_view_ctocpp.obj
c:\users\administrator\desktop\cef_binary_3.3202.1686.gd665578_windows32\libcef_dll_wrapper\libcef_dll_wrapper.dir\debug\textfield_ctocpp.obj
c:\users\administrator\desktop\cef_binary_3.3202.1686.gd665578_windows32\libcef_dll_wrapper\libcef_dll_wrapper.dir\debug\cef_stream_resource_handler.obj
c:\users\administrator\desktop\cef_binary_3.3202.1686.gd665578_windows32\libcef_dll_wrapper\libcef_dll_wrapper.dir\debug\cef_bind_helpers.obj
c:\users\administrator\desktop\cef_binary_3.3202.1686.gd665578_windows32\libcef_dll_wrapper\libcef_dll_wrapper.dir\debug\cef_thread_collision_warner.obj
c:\users\administrator\desktop\cef_binary_3.3202.1686.gd665578_windows32\libcef_dll_wrapper\libcef_dll_wrapper.dir\debug\completion_callback_cpptoc.obj
c:\users\administrator\desktop\cef_binary_3.3202.1686.gd665578_windows32\libcef_dll_wrapper\libcef_dll_wrapper.dir\debug\download_image_callback_cpptoc.obj
c:\users\administrator\desktop\cef_binary_3.3202.1686.gd665578_windows32\libcef_dll_wrapper\libcef_dll_wrapper.dir\debug\keyboard_handler_cpptoc.obj
c:\users\administrator\desktop\cef_binary_3.3202.1686.gd665578_windows32\libcef_dll_wrapper\libcef_dll_wrapper.dir\debug\register_cdm_callback_cpptoc.obj
c:\users\administrator\desktop\cef_binary_3.3202.1686.gd665578_windows32\libcef_dll_wrapper\libcef_dll_wrapper.dir\debug\response_filter_cpptoc.obj
c:\users\administrator\desktop\cef_binary_3.3202.1686.gd665578_windows32\libcef_dll_wrapper\libcef_dll_wrapper.dir\debug\v8handler_cpptoc.obj
c:\users\administrator\desktop\cef_binary_3.3202.1686.gd665578_windows32\libcef_dll_wrapper\libcef_dll_wrapper.dir\debug\translator_test_scoped_client_cpptoc.obj
c:\users\administrator\desktop\cef_binary_3.3202.1686.gd665578_windows32\libcef_dll_wrapper\libcef_dll_wrapper.dir\debug\auth_callback_ctocpp.obj
c:\users\administrator\desktop\cef_binary_3.3202.1686.gd665578_windows32\libcef_dll_wrapper\libcef_dll_wrapper.dir\debug\context_menu_params_ctocpp.obj
c:\users\administrator\desktop\cef_binary_3.3202.1686.gd665578_windows32\libcef_dll_wrapper\libcef_dll_wrapper.dir\debug\extension_ctocpp.obj
c:\users\administrator\desktop\cef_binary_3.3202.1686.gd665578_windows32\libcef_dll_wrapper\libcef_dll_wrapper.dir\debug\navigation_entry_ctocpp.obj
c:\users\administrator\desktop\cef_binary_3.3202.1686.gd665578_windows32\libcef_dll_wrapper\libcef_dll_wrapper.dir\debug\request_context_ctocpp.obj
c:\users\administrator\desktop\cef_binary_3.3202.1686.gd665578_windows32\libcef_dll_wrapper\libcef_dll_wrapper.dir\debug\task_runner_ctocpp.obj
c:\users\administrator\desktop\cef_binary_3.3202.1686.gd665578_windows32\libcef_dll_wrapper\libcef_dll_wrapper.dir\debug\value_ctocpp.obj
c:\users\administrator\desktop\cef_binary_3.3202.1686.gd665578_windows32\libcef_dll_wrapper\libcef_dll_wrapper.dir\debug\translator_test_ref_ptr_library_child_child_ctocpp.obj
c:\users\administrator\desktop\cef_binary_3.3202.1686.gd665578_windows32\libcef_dll_wrapper\libcef_dll_wrapper.dir\debug\button_ctocpp.obj
c:\users\administrator\desktop\cef_binary_3.3202.1686.gd665578_windows32\libcef_dll_wrapper\libcef_dll_wrapper.dir\debug\view_ctocpp.obj
c:\users\administrator\desktop\cef_binary_3.3202.1686.gd665578_windows32\libcef_dll_wrapper\libcef_dll_wrapper.dir\debug\cef_zip_archive.obj
c:\users\administrator\desktop\cef_binary_3.3202.1686.gd665578_windows32\libcef_dll_wrapper\libcef_dll_wrapper.dir\debug\cef_lock_impl.obj
c:\users\administrator\desktop\cef_binary_3.3202.1686.gd665578_windows32\libcef_dll_wrapper\libcef_dll_wrapper.dir\debug\cef_thread_checker_impl.obj
c:\users\administrator\desktop\cef_binary_3.3202.1686.gd665578_windows32\libcef_dll_wrapper\libcef_dll_wrapper.dir\debug\client_cpptoc.obj
c:\users\administrator\desktop\cef_binary_3.3202.1686.gd665578_windows32\libcef_dll_wrapper\libcef_dll_wrapper.dir\debug\download_handler_cpptoc.obj
c:\users\administrator\desktop\cef_binary_3.3202.1686.gd665578_windows32\libcef_dll_wrapper\libcef_dll_wrapper.dir\debug\get_geolocation_callback_cpptoc.obj
c:\users\administrator\desktop\cef_binary_3.3202.1686.gd665578_windows32\libcef_dll_wrapper\libcef_dll_wrapper.dir\debug\pdf_print_callback_cpptoc.obj
c:\users\administrator\desktop\cef_binary_3.3202.1686.gd665578_windows32\libcef_dll_wrapper\libcef_dll_wrapper.dir\debug\resolve_callback_cpptoc.obj
c:\users\administrator\desktop\cef_binary_3.3202.1686.gd665578_windows32\libcef_dll_wrapper\libcef_dll_wrapper.dir\debug\string_visitor_cpptoc.obj
c:\users\administrator\desktop\cef_binary_3.3202.1686.gd665578_windows32\libcef_dll_wrapper\libcef_dll_wrapper.dir\debug\web_plugin_unstable_callback_cpptoc.obj
c:\users\administrator\desktop\cef_binary_3.3202.1686.gd665578_windows32\libcef_dll_wrapper\libcef_dll_wrapper.dir\debug\menu_button_delegate_cpptoc.obj
c:\users\administrator\desktop\cef_binary_3.3202.1686.gd665578_windows32\libcef_dll_wrapper\libcef_dll_wrapper.dir\debug\browser_ctocpp.obj
c:\users\administrator\desktop\cef_binary_3.3202.1686.gd665578_windows32\libcef_dll_wrapper\libcef_dll_wrapper.dir\debug\download_item_callback_ctocpp.obj
c:\users\administrator\desktop\cef_binary_3.3202.1686.gd665578_windows32\libcef_dll_wrapper\libcef_dll_wrapper.dir\debug\image_ctocpp.obj
c:\users\administrator\desktop\cef_binary_3.3202.1686.gd665578_windows32\libcef_dll_wrapper\libcef_dll_wrapper.dir\debug\print_job_callback_ctocpp.obj
c:\users\administrator\desktop\cef_binary_3.3202.1686.gd665578_windows32\libcef_dll_wrapper\libcef_dll_wrapper.dir\debug\run_context_menu_callback_ctocpp.obj
c:\users\administrator\desktop\cef_binary_3.3202.1686.gd665578_windows32\libcef_dll_wrapper\libcef_dll_wrapper.dir\debug\thread_ctocpp.obj
c:\users\administrator\desktop\cef_binary_3.3202.1686.gd665578_windows32\libcef_dll_wrapper\libcef_dll_wrapper.dir\debug\waitable_event_ctocpp.obj
c:\users\administrator\desktop\cef_binary_3.3202.1686.gd665578_windows32\libcef_dll_wrapper\libcef_dll_wrapper.dir\debug\translator_test_ctocpp.obj
c:\users\administrator\desktop\cef_binary_3.3202.1686.gd665578_windows32\libcef_dll_wrapper\libcef_dll_wrapper.dir\debug\fill_layout_ctocpp.obj
c:\users\administrator\desktop\cef_binary_3.3202.1686.gd665578_windows32\libcef_dll_wrapper\libcef_dll_wrapper.dir\debug\scroll_view_ctocpp.obj
c:\users\administrator\desktop\cef_binary_3.3202.1686.gd665578_windows32\libcef_dll_wrapper\libcef_dll_wrapper.dir\debug\cef_resource_manager.obj
c:\users\administrator\desktop\cef_binary_3.3202.1686.gd665578_windows32\libcef_dll_wrapper\libcef_dll_wrapper.dir\debug\cef_logging.obj
c:\users\administrator\desktop\cef_binary_3.3202.1686.gd665578_windows32\libcef_dll_wrapper\libcef_dll_wrapper.dir\debug\base_scoped_cpptoc.obj
c:\users\administrator\desktop\cef_binary_3.3202.1686.gd665578_windows32\libcef_dll_wrapper\libcef_dll_wrapper.dir\debug\display_handler_cpptoc.obj
c:\users\administrator\desktop\cef_binary_3.3202.1686.gd665578_windows32\libcef_dll_wrapper\libcef_dll_wrapper.dir\debug\geolocation_handler_cpptoc.obj
c:\users\administrator\desktop\cef_binary_3.3202.1686.gd665578_windows32\libcef_dll_wrapper\libcef_dll_wrapper.dir\debug\print_handler_cpptoc.obj
c:\users\administrator\desktop\cef_binary_3.3202.1686.gd665578_windows32\libcef_dll_wrapper\libcef_dll_wrapper.dir\debug\resource_handler_cpptoc.obj
c:\users\administrator\desktop\cef_binary_3.3202.1686.gd665578_windows32\libcef_dll_wrapper\libcef_dll_wrapper.dir\debug\v8accessor_cpptoc.obj
c:\users\administrator\desktop\cef_binary_3.3202.1686.gd665578_windows32\libcef_dll_wrapper\libcef_dll_wrapper.dir\debug\translator_test_scoped_client_child_cpptoc.obj
c:\users\administrator\desktop\cef_binary_3.3202.1686.gd665578_windows32\libcef_dll_wrapper\libcef_dll_wrapper.dir\debug\window_delegate_cpptoc.obj
c:\users\administrator\desktop\cef_binary_3.3202.1686.gd665578_windows32\libcef_dll_wrapper\libcef_dll_wrapper.dir\debug\cookie_manager_ctocpp.obj
c:\users\administrator\desktop\cef_binary_3.3202.1686.gd665578_windows32\libcef_dll_wrapper\libcef_dll_wrapper.dir\debug\file_dialog_callback_ctocpp.obj
c:\users\administrator\desktop\cef_binary_3.3202.1686.gd665578_windows32\libcef_dll_wrapper\libcef_dll_wrapper.dir\debug\menu_model_ctocpp.obj
c:\users\administrator\desktop\cef_binary_3.3202.1686.gd665578_windows32\libcef_dll_wrapper\libcef_dll_wrapper.dir\debug\request_callback_ctocpp.obj
c:\users\administrator\desktop\cef_binary_3.3202.1686.gd665578_windows32\libcef_dll_wrapper\libcef_dll_wrapper.dir\debug\sslinfo_ctocpp.obj
c:\users\administrator\desktop\cef_binary_3.3202.1686.gd665578_windows32\libcef_dll_wrapper\libcef_dll_wrapper.dir\debug\v8exception_ctocpp.obj
c:\users\administrator\desktop\cef_binary_3.3202.1686.gd665578_windows32\libcef_dll_wrapper\libcef_dll_wrapper.dir\debug\x509certificate_ctocpp.obj
c:\users\administrator\desktop\cef_binary_3.3202.1686.gd665578_windows32\libcef_dll_wrapper\libcef_dll_wrapper.dir\debug\box_layout_ctocpp.obj
c:\users\administrator\desktop\cef_binary_3.3202.1686.gd665578_windows32\libcef_dll_wrapper\libcef_dll_wrapper.dir\debug\menu_button_pressed_lock_ctocpp.obj
c:\users\administrator\desktop\cef_binary_3.3202.1686.gd665578_windows32\libcef_dll_wrapper\libcef_dll_wrapper.dir\debug\cef_message_router.obj
c:\users\administrator\desktop\cef_binary_3.3202.1686.gd665578_windows32\libcef_dll_wrapper\libcef_dll_wrapper.dir\debug\cef_ref_counted.obj
c:\users\administrator\desktop\cef_binary_3.3202.1686.gd665578_windows32\libcef_dll_wrapper\libcef_dll_wrapper.dir\debug\browser_process_handler_cpptoc.obj
c:\users\administrator\desktop\cef_binary_3.3202.1686.gd665578_windows32\libcef_dll_wrapper\libcef_dll_wrapper.dir\debug\domvisitor_cpptoc.obj
c:\users\administrator\desktop\cef_binary_3.3202.1686.gd665578_windows32\libcef_dll_wrapper\libcef_dll_wrapper.dir\debug\focus_handler_cpptoc.obj
c:\users\administrator\desktop\cef_binary_3.3202.1686.gd665578_windows32\libcef_dll_wrapper\libcef_dll_wrapper.dir\debug\navigation_entry_visitor_cpptoc.obj
c:\users\administrator\desktop\cef_binary_3.3202.1686.gd665578_windows32\libcef_dll_wrapper\libcef_dll_wrapper.dir\debug\request_handler_cpptoc.obj
c:\users\administrator\desktop\cef_binary_3.3202.1686.gd665578_windows32\libcef_dll_wrapper\libcef_dll_wrapper.dir\debug\urlrequest_client_cpptoc.obj
c:\users\administrator\desktop\cef_binary_3.3202.1686.gd665578_windows32\libcef_dll_wrapper\libcef_dll_wrapper.dir\debug\translator_test_ref_ptr_client_cpptoc.obj
c:\users\administrator\desktop\cef_binary_3.3202.1686.gd665578_windows32\libcef_dll_wrapper\libcef_dll_wrapper.dir\debug\view_delegate_cpptoc.obj
c:\users\administrator\desktop\cef_binary_3.3202.1686.gd665578_windows32\libcef_dll_wrapper\libcef_dll_wrapper.dir\debug\command_line_ctocpp.obj
c:\users\administrator\desktop\cef_binary_3.3202.1686.gd665578_windows32\libcef_dll_wrapper\libcef_dll_wrapper.dir\debug\download_item_ctocpp.obj
c:\users\administrator\desktop\cef_binary_3.3202.1686.gd665578_windows32\libcef_dll_wrapper\libcef_dll_wrapper.dir\debug\jsdialog_callback_ctocpp.obj
c:\users\administrator\desktop\cef_binary_3.3202.1686.gd665578_windows32\libcef_dll_wrapper\libcef_dll_wrapper.dir\debug\print_settings_ctocpp.obj
c:\users\administrator\desktop\cef_binary_3.3202.1686.gd665578_windows32\libcef_dll_wrapper\libcef_dll_wrapper.dir\debug\scheme_registrar_ctocpp.obj
c:\users\administrator\desktop\cef_binary_3.3202.1686.gd665578_windows32\libcef_dll_wrapper\libcef_dll_wrapper.dir\debug\urlrequest_ctocpp.obj
c:\users\administrator\desktop\cef_binary_3.3202.1686.gd665578_windows32\libcef_dll_wrapper\libcef_dll_wrapper.dir\debug\web_plugin_info_ctocpp.obj
c:\users\administrator\desktop\cef_binary_3.3202.1686.gd665578_windows32\libcef_dll_wrapper\libcef_dll_wrapper.dir\debug\translator_test_ref_ptr_library_ctocpp.obj
c:\users\administrator\desktop\cef_binary_3.3202.1686.gd665578_windows32\libcef_dll_wrapper\libcef_dll_wrapper.dir\debug\display_ctocpp.obj
c:\users\administrator\desktop\cef_binary_3.3202.1686.gd665578_windows32\libcef_dll_wrapper\libcef_dll_wrapper.dir\debug\panel_ctocpp.obj
c:\users\administrator\desktop\cef_binary_3.3202.1686.gd665578_windows32\libcef_dll_wrapper\libcef_dll_wrapper.dir\debug\cef_scoped_temp_dir.obj
c:\users\administrator\desktop\cef_binary_3.3202.1686.gd665578_windows32\libcef_dll_wrapper\libcef_dll_wrapper.dir\debug\cef_atomicops_x86_gcc.obj
c:\users\administrator\desktop\cef_binary_3.3202.1686.gd665578_windows32\libcef_dll_wrapper\libcef_dll_wrapper.dir\debug\cef_callback_internal.obj
c:\users\administrator\desktop\cef_binary_3.3202.1686.gd665578_windows32\libcef_dll_wrapper\libcef_dll_wrapper.dir\debug\app_cpptoc.obj
c:\users\administrator\desktop\cef_binary_3.3202.1686.gd665578_windows32\libcef_dll_wrapper\libcef_dll_wrapper.dir\debug\dialog_handler_cpptoc.obj
c:\users\administrator\desktop\cef_binary_3.3202.1686.gd665578_windows32\libcef_dll_wrapper\libcef_dll_wrapper.dir\debug\find_handler_cpptoc.obj
c:\users\administrator\desktop\cef_binary_3.3202.1686.gd665578_windows32\libcef_dll_wrapper\libcef_dll_wrapper.dir\debug\menu_model_delegate_cpptoc.obj
c:\users\administrator\desktop\cef_binary_3.3202.1686.gd665578_windows32\libcef_dll_wrapper\libcef_dll_wrapper.dir\debug\render_process_handler_cpptoc.obj
c:\users\administrator\desktop\cef_binary_3.3202.1686.gd665578_windows32\libcef_dll_wrapper\libcef_dll_wrapper.dir\debug\scheme_handler_factory_cpptoc.obj
c:\users\administrator\desktop\cef_binary_3.3202.1686.gd665578_windows32\libcef_dll_wrapper\libcef_dll_wrapper.dir\debug\write_handler_cpptoc.obj
c:\users\administrator\desktop\cef_binary_3.3202.1686.gd665578_windows32\libcef_dll_wrapper\libcef_dll_wrapper.dir\debug\panel_delegate_cpptoc.obj
c:\users\administrator\desktop\cef_binary_3.3202.1686.gd665578_windows32\libcef_dll_wrapper\libcef_dll_wrapper.dir\debug\binary_value_ctocpp.obj
c:\users\administrator\desktop\cef_binary_3.3202.1686.gd665578_windows32\libcef_dll_wrapper\libcef_dll_wrapper.dir\debug\dictionary_value_ctocpp.obj
c:\users\administrator\desktop\cef_binary_3.3202.1686.gd665578_windows32\libcef_dll_wrapper\libcef_dll_wrapper.dir\debug\geolocation_callback_ctocpp.obj
c:\users\administrator\desktop\cef_binary_3.3202.1686.gd665578_windows32\libcef_dll_wrapper\libcef_dll_wrapper.dir\debug\post_data_ctocpp.obj
c:\users\administrator\desktop\cef_binary_3.3202.1686.gd665578_windows32\libcef_dll_wrapper\libcef_dll_wrapper.dir\debug\request_ctocpp.obj
c:\users\administrator\desktop\cef_binary_3.3202.1686.gd665578_windows32\libcef_dll_wrapper\libcef_dll_wrapper.dir\debug\sslstatus_ctocpp.obj
c:\users\administrator\desktop\cef_binary_3.3202.1686.gd665578_windows32\libcef_dll_wrapper\libcef_dll_wrapper.dir\debug\v8stack_frame_ctocpp.obj
c:\users\administrator\desktop\cef_binary_3.3202.1686.gd665578_windows32\libcef_dll_wrapper\libcef_dll_wrapper.dir\debug\xml_reader_ctocpp.obj
c:\users\administrator\desktop\cef_binary_3.3202.1686.gd665578_windows32\libcef_dll_wrapper\libcef_dll_wrapper.dir\debug\translator_test_scoped_library_child_child_ctocpp.obj
c:\users\administrator\desktop\cef_binary_3.3202.1686.gd665578_windows32\libcef_dll_wrapper\libcef_dll_wrapper.dir\debug\label_button_ctocpp.obj
c:\users\administrator\desktop\cef_binary_3.3202.1686.gd665578_windows32\libcef_dll_wrapper\libcef_dll_wrapper.dir\debug\cef_byte_read_handler.obj
c:\users\administrator\desktop\cef_binary_3.3202.1686.gd665578_windows32\libcef_dll_wrapper\libcef_dll_wrapper.dir\debug\cef_xml_object.obj
c:\users\administrator\desktop\cef_binary_3.3202.1686.gd665578_windows32\libcef_dll_wrapper\libcef_dll_wrapper.dir\debug\vc120.pdb
c:\users\administrator\desktop\cef_binary_3.3202.1686.gd665578_windows32\libcef_dll_wrapper\cmakefiles\generate.stamp
c:\users\administrator\desktop\cef_binary_3.3202.1686.gd665578_windows32\libcef_dll_wrapper\debug\libcef_dll_wrapper.lib
c:\users\administrator\desktop\cef_binary_3.3202.1686.gd665578_windows32\libcef_dll_wrapper\libcef_dll_wrapper.dir\debug\libcef_d.51a99b47.tlog\cl.command.1.tlog
c:\users\administrator\desktop\cef_binary_3.3202.1686.gd665578_windows32\libcef_dll_wrapper\libcef_dll_wrapper.dir\debug\libcef_d.51a99b47.tlog\cl.read.1.tlog
c:\users\administrator\desktop\cef_binary_3.3202.1686.gd665578_windows32\libcef_dll_wrapper\libcef_dll_wrapper.dir\debug\libcef_d.51a99b47.tlog\cl.write.1.tlog
c:\users\administrator\desktop\cef_binary_3.3202.1686.gd665578_windows32\libcef_dll_wrapper\libcef_dll_wrapper.dir\debug\libcef_d.51a99b47.tlog\custombuild.command.1.tlog
c:\users\administrator\desktop\cef_binary_3.3202.1686.gd665578_windows32\libcef_dll_wrapper\libcef_dll_wrapper.dir\debug\libcef_d.51a99b47.tlog\custombuild.read.1.tlog
c:\users\administrator\desktop\cef_binary_3.3202.1686.gd665578_windows32\libcef_dll_wrapper\libcef_dll_wrapper.dir\debug\libcef_d.51a99b47.tlog\custombuild.write.1.tlog
c:\users\administrator\desktop\cef_binary_3.3202.1686.gd665578_windows32\libcef_dll_wrapper\libcef_dll_wrapper.dir\debug\libcef_d.51a99b47.tlog\lib-link.read.1.tlog
c:\users\administrator\desktop\cef_binary_3.3202.1686.gd665578_windows32\libcef_dll_wrapper\libcef_dll_wrapper.dir\debug\libcef_d.51a99b47.tlog\lib-link.write.1.tlog
c:\users\administrator\desktop\cef_binary_3.3202.1686.gd665578_windows32\libcef_dll_wrapper\libcef_dll_wrapper.dir\debug\libcef_d.51a99b47.tlog\lib.command.1.tlog
