生成启动时间为 2017\12\19 星期二 20:02:39。
     1>项目“C:\Users\Administrator\Desktop\cef_binary_3.3202.1686.gd665578_windows32\libcef_dll_wrapper\libcef_dll_wrapper.vcxproj”在节点 2 上(Build 个目标)。
     1>CustomBuild:
         Building Custom Rule C:/Users/Administrator/Desktop/cef_binary_3.3202.1686.gd665578_windows32/libcef_dll/CMakeLists.txt
         CMake does not need to re-run because C:/Users/Administrator/Desktop/cef_binary_3.3202.1686.gd665578_windows32/libcef_dll_wrapper/CMakeFiles/generate.stamp is up-to-date.
       ClCompile:
         C:\Program Files (x86)\Microsoft Visual Studio 12.0\VC\bin\CL.exe /c /IC:\Users\Administrator\Desktop\cef_binary_3.3202.1686.gd665578_windows32 /Zi /nologo /W4 /WX /MP /Od /Ob0 /Oy- /D WIN32 /D _WINDOWS /D __STDC_CONSTANT_MACROS /D __STDC_FORMAT_MACROS /D _WIN32 /D UNICODE /D _UNICODE /D WINVER=0x0601 /D _WIN32_WINNT=0x601 /D NOMINMAX /D WIN32_LEAN_AND_MEAN /D _HAS_EXCEPTIONS=0 /D CEF_USE_ATL /D WRAPPING_CEF_SHARED /D "CMAKE_INTDIR=\"Debug\"" /D _UNICODE /D UNICODE /Gm- /EHsc /RTC1 /MTd /GS /Gy /fp:precise /Zc:wchar_t /Zc:forScope /GR- /Fo"libcef_dll_wrapper.dir\Debug\\" /Fd"libcef_dll_wrapper.dir\Debug\vc120.pdb" /Gd /TP /wd4100 /wd4127 /wd4244 /wd4481 /wd4512 /wd4701 /wd4702 /wd4996 /analyze- /errorReport:prompt C:\Users\Administrator\Desktop\cef_binary_3.3202.1686.gd665578_windows32\libcef_dll\transfer_util.cc C:\Users\Administrator\Desktop\cef_binary_3.3202.1686.gd665578_windows32\libcef_dll\base\cef_atomicops_x86_gcc.cc C:\Users\Administrator\Desktop\cef_binary_3.3202.1686.gd665578_windows32\libcef_dll\base\cef_bind_helpers.cc C:\Users\Administrator\Desktop\cef_binary_3.3202.1686.gd665578_windows32\libcef_dll\base\cef_callback_helpers.cc C:\Users\Administrator\Desktop\cef_binary_3.3202.1686.gd665578_windows32\libcef_dll\base\cef_callback_internal.cc C:\Users\Administrator\Desktop\cef_binary_3.3202.1686.gd665578_windows32\libcef_dll\base\cef_lock.cc C:\Users\Administrator\Desktop\cef_binary_3.3202.1686.gd665578_windows32\libcef_dll\base\cef_lock_impl.cc C:\Users\Administrator\Desktop\cef_binary_3.3202.1686.gd665578_windows32\libcef_dll\base\cef_logging.cc C:\Users\Administrator\Desktop\cef_binary_3.3202.1686.gd665578_windows32\libcef_dll\base\cef_ref_counted.cc C:\Users\Administrator\Desktop\cef_binary_3.3202.1686.gd665578_windows32\libcef_dll\base\cef_string16.cc C:\Users\Administrator\Desktop\cef_binary_3.3202.1686.gd665578_windows32\libcef_dll\base\cef_thread_checker_impl.cc C:\Users\Administrator\Desktop\cef_binary_3.3202.1686.gd665578_windows32\libcef_dll\base\cef_thread_collision_warner.cc C:\Users\Administrator\Desktop\cef_binary_3.3202.1686.gd665578_windows32\libcef_dll\base\cef_weak_ptr.cc C:\Users\Administrator\Desktop\cef_binary_3.3202.1686.gd665578_windows32\libcef_dll\cpptoc\accessibility_handler_cpptoc.cc C:\Users\Administrator\Desktop\cef_binary_3.3202.1686.gd665578_windows32\libcef_dll\cpptoc\app_cpptoc.cc C:\Users\Administrator\Desktop\cef_binary_3.3202.1686.gd665578_windows32\libcef_dll\cpptoc\base_ref_counted_cpptoc.cc C:\Users\Administrator\Desktop\cef_binary_3.3202.1686.gd665578_windows32\libcef_dll\cpptoc\base_scoped_cpptoc.cc C:\Users\Administrator\Desktop\cef_binary_3.3202.1686.gd665578_windows32\libcef_dll\cpptoc\browser_process_handler_cpptoc.cc C:\Users\Administrator\Desktop\cef_binary_3.3202.1686.gd665578_windows32\libcef_dll\cpptoc\client_cpptoc.cc C:\Users\Administrator\Desktop\cef_binary_3.3202.1686.gd665578_windows32\libcef_dll\cpptoc\completion_callback_cpptoc.cc C:\Users\Administrator\Desktop\cef_binary_3.3202.1686.gd665578_windows32\libcef_dll\cpptoc\context_menu_handler_cpptoc.cc C:\Users\Administrator\Desktop\cef_binary_3.3202.1686.gd665578_windows32\libcef_dll\cpptoc\cookie_visitor_cpptoc.cc C:\Users\Administrator\Desktop\cef_binary_3.3202.1686.gd665578_windows32\libcef_dll\cpptoc\delete_cookies_callback_cpptoc.cc C:\Users\Administrator\Desktop\cef_binary_3.3202.1686.gd665578_windows32\libcef_dll\cpptoc\dialog_handler_cpptoc.cc C:\Users\Administrator\Desktop\cef_binary_3.3202.1686.gd665578_windows32\libcef_dll\cpptoc\display_handler_cpptoc.cc C:\Users\Administrator\Desktop\cef_binary_3.3202.1686.gd665578_windows32\libcef_dll\cpptoc\domvisitor_cpptoc.cc C:\Users\Administrator\Desktop\cef_binary_3.3202.1686.gd665578_windows32\libcef_dll\cpptoc\download_handler_cpptoc.cc C:\Users\Administrator\Desktop\cef_binary_3.3202.1686.gd665578_windows32\libcef_dll\cpptoc\download_image_callback_cpptoc.cc C:\Users\Administrator\Desktop\cef_binary_3.3202.1686.gd665578_windows32\libcef_dll\cpptoc\drag_handler_cpptoc.cc C:\Users\Administrator\Desktop\cef_binary_3.3202.1686.gd665578_windows32\libcef_dll\cpptoc\end_tracing_callback_cpptoc.cc C:\Users\Administrator\Desktop\cef_binary_3.3202.1686.gd665578_windows32\libcef_dll\cpptoc\extension_handler_cpptoc.cc C:\Users\Administrator\Desktop\cef_binary_3.3202.1686.gd665578_windows32\libcef_dll\cpptoc\find_handler_cpptoc.cc C:\Users\Administrator\Desktop\cef_binary_3.3202.1686.gd665578_windows32\libcef_dll\cpptoc\focus_handler_cpptoc.cc C:\Users\Administrator\Desktop\cef_binary_3.3202.1686.gd665578_windows32\libcef_dll\cpptoc\geolocation_handler_cpptoc.cc C:\Users\Administrator\Desktop\cef_binary_3.3202.1686.gd665578_windows32\libcef_dll\cpptoc\get_geolocation_callback_cpptoc.cc C:\Users\Administrator\Desktop\cef_binary_3.3202.1686.gd665578_windows32\libcef_dll\cpptoc\jsdialog_handler_cpptoc.cc C:\Users\Administrator\Desktop\cef_binary_3.3202.1686.gd665578_windows32\libcef_dll\cpptoc\keyboard_handler_cpptoc.cc C:\Users\Administrator\Desktop\cef_binary_3.3202.1686.gd665578_windows32\libcef_dll\cpptoc\life_span_handler_cpptoc.cc C:\Users\Administrator\Desktop\cef_binary_3.3202.1686.gd665578_windows32\libcef_dll\cpptoc\load_handler_cpptoc.cc C:\Users\Administrator\Desktop\cef_binary_3.3202.1686.gd665578_windows32\libcef_dll\cpptoc\menu_model_delegate_cpptoc.cc C:\Users\Administrator\Desktop\cef_binary_3.3202.1686.gd665578_windows32\libcef_dll\cpptoc\navigation_entry_visitor_cpptoc.cc C:\Users\Administrator\Desktop\cef_binary_3.3202.1686.gd665578_windows32\libcef_dll\cpptoc\pdf_print_callback_cpptoc.cc C:\Users\Administrator\Desktop\cef_binary_3.3202.1686.gd665578_windows32\libcef_dll\cpptoc\print_handler_cpptoc.cc C:\Users\Administrator\Desktop\cef_binary_3.3202.1686.gd665578_windows32\libcef_dll\cpptoc\read_handler_cpptoc.cc C:\Users\Administrator\Desktop\cef_binary_3.3202.1686.gd665578_windows32\libcef_dll\cpptoc\register_cdm_callback_cpptoc.cc C:\Users\Administrator\Desktop\cef_binary_3.3202.1686.gd665578_windows32\libcef_dll\cpptoc\render_handler_cpptoc.cc C:\Users\Administrator\Desktop\cef_binary_3.3202.1686.gd665578_windows32\libcef_dll\cpptoc\render_process_handler_cpptoc.cc C:\Users\Administrator\Desktop\cef_binary_3.3202.1686.gd665578_windows32\libcef_dll\cpptoc\request_context_handler_cpptoc.cc C:\Users\Administrator\Desktop\cef_binary_3.3202.1686.gd665578_windows32\libcef_dll\cpptoc\request_handler_cpptoc.cc C:\Users\Administrator\Desktop\cef_binary_3.3202.1686.gd665578_windows32\libcef_dll\cpptoc\resolve_callback_cpptoc.cc C:\Users\Administrator\Desktop\cef_binary_3.3202.1686.gd665578_windows32\libcef_dll\cpptoc\resource_bundle_handler_cpptoc.cc C:\Users\Administrator\Desktop\cef_binary_3.3202.1686.gd665578_windows32\libcef_dll\cpptoc\resource_handler_cpptoc.cc C:\Users\Administrator\Desktop\cef_binary_3.3202.1686.gd665578_windows32\libcef_dll\cpptoc\response_filter_cpptoc.cc C:\Users\Administrator\Desktop\cef_binary_3.3202.1686.gd665578_windows32\libcef_dll\cpptoc\run_file_dialog_callback_cpptoc.cc C:\Users\Administrator\Desktop\cef_binary_3.3202.1686.gd665578_windows32\libcef_dll\cpptoc\scheme_handler_factory_cpptoc.cc C:\Users\Administrator\Desktop\cef_binary_3.3202.1686.gd665578_windows32\libcef_dll\cpptoc\set_cookie_callback_cpptoc.cc C:\Users\Administrator\Desktop\cef_binary_3.3202.1686.gd665578_windows32\libcef_dll\cpptoc\string_visitor_cpptoc.cc C:\Users\Administrator\Desktop\cef_binary_3.3202.1686.gd665578_windows32\libcef_dll\cpptoc\task_cpptoc.cc C:\Users\Administrator\Desktop\cef_binary_3.3202.1686.gd665578_windows32\libcef_dll\cpptoc\urlrequest_client_cpptoc.cc C:\Users\Administrator\Desktop\cef_binary_3.3202.1686.gd665578_windows32\libcef_dll\cpptoc\v8accessor_cpptoc.cc C:\Users\Administrator\Desktop\cef_binary_3.3202.1686.gd665578_windows32\libcef_dll\cpptoc\v8handler_cpptoc.cc C:\Users\Administrator\Desktop\cef_binary_3.3202.1686.gd665578_windows32\libcef_dll\cpptoc\v8interceptor_cpptoc.cc C:\Users\Administrator\Desktop\cef_binary_3.3202.1686.gd665578_windows32\libcef_dll\cpptoc\web_plugin_info_visitor_cpptoc.cc C:\Users\Administrator\Desktop\cef_binary_3.3202.1686.gd665578_windows32\libcef_dll\cpptoc\web_plugin_unstable_callback_cpptoc.cc C:\Users\Administrator\Desktop\cef_binary_3.3202.1686.gd665578_windows32\libcef_dll\cpptoc\write_handler_cpptoc.cc C:\Users\Administrator\Desktop\cef_binary_3.3202.1686.gd665578_windows32\libcef_dll\cpptoc\test\translator_test_ref_ptr_client_child_cpptoc.cc C:\Users\Administrator\Desktop\cef_binary_3.3202.1686.gd665578_windows32\libcef_dll\cpptoc\test\translator_test_ref_ptr_client_cpptoc.cc C:\Users\Administrator\Desktop\cef_binary_3.3202.1686.gd665578_windows32\libcef_dll\cpptoc\test\translator_test_scoped_client_child_cpptoc.cc C:\Users\Administrator\Desktop\cef_binary_3.3202.1686.gd665578_windows32\libcef_dll\cpptoc\test\translator_test_scoped_client_cpptoc.cc C:\Users\Administrator\Desktop\cef_binary_3.3202.1686.gd665578_windows32\libcef_dll\cpptoc\views\browser_view_delegate_cpptoc.cc C:\Users\Administrator\Desktop\cef_binary_3.3202.1686.gd665578_windows32\libcef_dll\cpptoc\views\button_delegate_cpptoc.cc C:\Users\Administrator\Desktop\cef_binary_3.3202.1686.gd665578_windows32\libcef_dll\cpptoc\views\menu_button_delegate_cpptoc.cc C:\Users\Administrator\Desktop\cef_binary_3.3202.1686.gd665578_windows32\libcef_dll\cpptoc\views\panel_delegate_cpptoc.cc C:\Users\Administrator\Desktop\cef_binary_3.3202.1686.gd665578_windows32\libcef_dll\cpptoc\views\textfield_delegate_cpptoc.cc C:\Users\Administrator\Desktop\cef_binary_3.3202.1686.gd665578_windows32\libcef_dll\cpptoc\views\view_delegate_cpptoc.cc C:\Users\Administrator\Desktop\cef_binary_3.3202.1686.gd665578_windows32\libcef_dll\cpptoc\views\window_delegate_cpptoc.cc C:\Users\Administrator\Desktop\cef_binary_3.3202.1686.gd665578_windows32\libcef_dll\ctocpp\auth_callback_ctocpp.cc C:\Users\Administrator\Desktop\cef_binary_3.3202.1686.gd665578_windows32\libcef_dll\ctocpp\before_download_callback_ctocpp.cc C:\Users\Administrator\Desktop\cef_binary_3.3202.1686.gd665578_windows32\libcef_dll\ctocpp\binary_value_ctocpp.cc C:\Users\Administrator\Desktop\cef_binary_3.3202.1686.gd665578_windows32\libcef_dll\ctocpp\browser_ctocpp.cc C:\Users\Administrator\Desktop\cef_binary_3.3202.1686.gd665578_windows32\libcef_dll\ctocpp\browser_host_ctocpp.cc C:\Users\Administrator\Desktop\cef_binary_3.3202.1686.gd665578_windows32\libcef_dll\ctocpp\callback_ctocpp.cc C:\Users\Administrator\Desktop\cef_binary_3.3202.1686.gd665578_windows32\libcef_dll\ctocpp\command_line_ctocpp.cc C:\Users\Administrator\Desktop\cef_binary_3.3202.1686.gd665578_windows32\libcef_dll\ctocpp\context_menu_params_ctocpp.cc C:\Users\Administrator\Desktop\cef_binary_3.3202.1686.gd665578_windows32\libcef_dll\ctocpp\cookie_manager_ctocpp.cc C:\Users\Administrator\Desktop\cef_binary_3.3202.1686.gd665578_windows32\libcef_dll\ctocpp\dictionary_value_ctocpp.cc C:\Users\Administrator\Desktop\cef_binary_3.3202.1686.gd665578_windows32\libcef_dll\ctocpp\domdocument_ctocpp.cc C:\Users\Administrator\Desktop\cef_binary_3.3202.1686.gd665578_windows32\libcef_dll\ctocpp\domnode_ctocpp.cc C:\Users\Administrator\Desktop\cef_binary_3.3202.1686.gd665578_windows32\libcef_dll\ctocpp\download_item_callback_ctocpp.cc C:\Users\Administrator\Desktop\cef_binary_3.3202.1686.gd665578_windows32\libcef_dll\ctocpp\download_item_ctocpp.cc C:\Users\Administrator\Desktop\cef_binary_3.3202.1686.gd665578_windows32\libcef_dll\ctocpp\drag_data_ctocpp.cc C:\Users\Administrator\Desktop\cef_binary_3.3202.1686.gd665578_windows32\libcef_dll\ctocpp\extension_ctocpp.cc C:\Users\Administrator\Desktop\cef_binary_3.3202.1686.gd665578_windows32\libcef_dll\ctocpp\file_dialog_callback_ctocpp.cc C:\Users\Administrator\Desktop\cef_binary_3.3202.1686.gd665578_windows32\libcef_dll\ctocpp\frame_ctocpp.cc C:\Users\Administrator\Desktop\cef_binary_3.3202.1686.gd665578_windows32\libcef_dll\ctocpp\geolocation_callback_ctocpp.cc C:\Users\Administrator\Desktop\cef_binary_3.3202.1686.gd665578_windows32\libcef_dll\ctocpp\get_extension_resource_callback_ctocpp.cc C:\Users\Administrator\Desktop\cef_binary_3.3202.1686.gd665578_windows32\libcef_dll\ctocpp\image_ctocpp.cc C:\Users\Administrator\Desktop\cef_binary_3.3202.1686.gd665578_windows32\libcef_dll\ctocpp\jsdialog_callback_ctocpp.cc C:\Users\Administrator\Desktop\cef_binary_3.3202.1686.gd665578_windows32\libcef_dll\ctocpp\list_value_ctocpp.cc C:\Users\Administrator\Desktop\cef_binary_3.3202.1686.gd665578_windows32\libcef_dll\ctocpp\menu_model_ctocpp.cc C:\Users\Administrator\Desktop\cef_binary_3.3202.1686.gd665578_windows32\libcef_dll\ctocpp\navigation_entry_ctocpp.cc C:\Users\Administrator\Desktop\cef_binary_3.3202.1686.gd665578_windows32\libcef_dll\ctocpp\post_data_ctocpp.cc C:\Users\Administrator\Desktop\cef_binary_3.3202.1686.gd665578_windows32\libcef_dll\ctocpp\post_data_element_ctocpp.cc C:\Users\Administrator\Desktop\cef_binary_3.3202.1686.gd665578_windows32\libcef_dll\ctocpp\print_dialog_callback_ctocpp.cc C:\Users\Administrator\Desktop\cef_binary_3.3202.1686.gd665578_windows32\libcef_dll\ctocpp\print_job_callback_ctocpp.cc C:\Users\Administrator\Desktop\cef_binary_3.3202.1686.gd665578_windows32\libcef_dll\ctocpp\print_settings_ctocpp.cc C:\Users\Administrator\Desktop\cef_binary_3.3202.1686.gd665578_windows32\libcef_dll\ctocpp\process_message_ctocpp.cc C:\Users\Administrator\Desktop\cef_binary_3.3202.1686.gd665578_windows32\libcef_dll\ctocpp\request_callback_ctocpp.cc C:\Users\Administrator\Desktop\cef_binary_3.3202.1686.gd665578_windows32\libcef_dll\ctocpp\request_context_ctocpp.cc C:\Users\Administrator\Desktop\cef_binary_3.3202.1686.gd665578_windows32\libcef_dll\ctocpp\request_ctocpp.cc C:\Users\Administrator\Desktop\cef_binary_3.3202.1686.gd665578_windows32\libcef_dll\ctocpp\resource_bundle_ctocpp.cc C:\Users\Administrator\Desktop\cef_binary_3.3202.1686.gd665578_windows32\libcef_dll\ctocpp\response_ctocpp.cc C:\Users\Administrator\Desktop\cef_binary_3.3202.1686.gd665578_windows32\libcef_dll\ctocpp\run_context_menu_callback_ctocpp.cc C:\Users\Administrator\Desktop\cef_binary_3.3202.1686.gd665578_windows32\libcef_dll\ctocpp\scheme_registrar_ctocpp.cc C:\Users\Administrator\Desktop\cef_binary_3.3202.1686.gd665578_windows32\libcef_dll\ctocpp\select_client_certificate_callback_ctocpp.cc C:\Users\Administrator\Desktop\cef_binary_3.3202.1686.gd665578_windows32\libcef_dll\ctocpp\sslinfo_ctocpp.cc C:\Users\Administrator\Desktop\cef_binary_3.3202.1686.gd665578_windows32\libcef_dll\ctocpp\sslstatus_ctocpp.cc C:\Users\Administrator\Desktop\cef_binary_3.3202.1686.gd665578_windows32\libcef_dll\ctocpp\stream_reader_ctocpp.cc C:\Users\Administrator\Desktop\cef_binary_3.3202.1686.gd665578_windows32\libcef_dll\ctocpp\stream_writer_ctocpp.cc C:\Users\Administrator\Desktop\cef_binary_3.3202.1686.gd665578_windows32\libcef_dll\ctocpp\task_runner_ctocpp.cc C:\Users\Administrator\Desktop\cef_binary_3.3202.1686.gd665578_windows32\libcef_dll\ctocpp\thread_ctocpp.cc C:\Users\Administrator\Desktop\cef_binary_3.3202.1686.gd665578_windows32\libcef_dll\ctocpp\urlrequest_ctocpp.cc C:\Users\Administrator\Desktop\cef_binary_3.3202.1686.gd665578_windows32\libcef_dll\ctocpp\v8context_ctocpp.cc C:\Users\Administrator\Desktop\cef_binary_3.3202.1686.gd665578_windows32\libcef_dll\ctocpp\v8exception_ctocpp.cc C:\Users\Administrator\Desktop\cef_binary_3.3202.1686.gd665578_windows32\libcef_dll\ctocpp\v8stack_frame_ctocpp.cc C:\Users\Administrator\Desktop\cef_binary_3.3202.1686.gd665578_windows32\libcef_dll\ctocpp\v8stack_trace_ctocpp.cc C:\Users\Administrator\Desktop\cef_binary_3.3202.1686.gd665578_windows32\libcef_dll\ctocpp\v8value_ctocpp.cc C:\Users\Administrator\Desktop\cef_binary_3.3202.1686.gd665578_windows32\libcef_dll\ctocpp\value_ctocpp.cc C:\Users\Administrator\Desktop\cef_binary_3.3202.1686.gd665578_windows32\libcef_dll\ctocpp\waitable_event_ctocpp.cc C:\Users\Administrator\Desktop\cef_binary_3.3202.1686.gd665578_windows32\libcef_dll\ctocpp\web_plugin_info_ctocpp.cc C:\Users\Administrator\Desktop\cef_binary_3.3202.1686.gd665578_windows32\libcef_dll\ctocpp\x509cert_principal_ctocpp.cc C:\Users\Administrator\Desktop\cef_binary_3.3202.1686.gd665578_windows32\libcef_dll\ctocpp\x509certificate_ctocpp.cc C:\Users\Administrator\Desktop\cef_binary_3.3202.1686.gd665578_windows32\libcef_dll\ctocpp\xml_reader_ctocpp.cc C:\Users\Administrator\Desktop\cef_binary_3.3202.1686.gd665578_windows32\libcef_dll\ctocpp\zip_reader_ctocpp.cc C:\Users\Administrator\Desktop\cef_binary_3.3202.1686.gd665578_windows32\libcef_dll\ctocpp\test\translator_test_ctocpp.cc C:\Users\Administrator\Desktop\cef_binary_3.3202.1686.gd665578_windows32\libcef_dll\ctocpp\test\translator_test_ref_ptr_library_child_child_ctocpp.cc C:\Users\Administrator\Desktop\cef_binary_3.3202.1686.gd665578_windows32\libcef_dll\ctocpp\test\translator_test_ref_ptr_library_child_ctocpp.cc C:\Users\Administrator\Desktop\cef_binary_3.3202.1686.gd665578_windows32\libcef_dll\ctocpp\test\translator_test_ref_ptr_library_ctocpp.cc C:\Users\Administrator\Desktop\cef_binary_3.3202.1686.gd665578_windows32\libcef_dll\ctocpp\test\translator_test_scoped_library_child_child_ctocpp.cc C:\Users\Administrator\Desktop\cef_binary_3.3202.1686.gd665578_windows32\libcef_dll\ctocpp\test\translator_test_scoped_library_child_ctocpp.cc C:\Users\Administrator\Desktop\cef_binary_3.3202.1686.gd665578_windows32\libcef_dll\ctocpp\test\translator_test_scoped_library_ctocpp.cc C:\Users\Administrator\Desktop\cef_binary_3.3202.1686.gd665578_windows32\libcef_dll\ctocpp\views\box_layout_ctocpp.cc C:\Users\Administrator\Desktop\cef_binary_3.3202.1686.gd665578_windows32\libcef_dll\ctocpp\views\browser_view_ctocpp.cc C:\Users\Administrator\Desktop\cef_binary_3.3202.1686.gd665578_windows32\libcef_dll\ctocpp\views\button_ctocpp.cc C:\Users\Administrator\Desktop\cef_binary_3.3202.1686.gd665578_windows32\libcef_dll\ctocpp\views\display_ctocpp.cc C:\Users\Administrator\Desktop\cef_binary_3.3202.1686.gd665578_windows32\libcef_dll\ctocpp\views\fill_layout_ctocpp.cc C:\Users\Administrator\Desktop\cef_binary_3.3202.1686.gd665578_windows32\libcef_dll\ctocpp\views\label_button_ctocpp.cc C:\Users\Administrator\Desktop\cef_binary_3.3202.1686.gd665578_windows32\libcef_dll\ctocpp\views\layout_ctocpp.cc C:\Users\Administrator\Desktop\cef_binary_3.3202.1686.gd665578_windows32\libcef_dll\ctocpp\views\menu_button_ctocpp.cc C:\Users\Administrator\Desktop\cef_binary_3.3202.1686.gd665578_windows32\libcef_dll\ctocpp\views\menu_button_pressed_lock_ctocpp.cc C:\Users\Administrator\Desktop\cef_binary_3.3202.1686.gd665578_windows32\libcef_dll\ctocpp\views\panel_ctocpp.cc C:\Users\Administrator\Desktop\cef_binary_3.3202.1686.gd665578_windows32\libcef_dll\ctocpp\views\scroll_view_ctocpp.cc C:\Users\Administrator\Desktop\cef_binary_3.3202.1686.gd665578_windows32\libcef_dll\ctocpp\views\textfield_ctocpp.cc C:\Users\Administrator\Desktop\cef_binary_3.3202.1686.gd665578_windows32\libcef_dll\ctocpp\views\view_ctocpp.cc C:\Users\Administrator\Desktop\cef_binary_3.3202.1686.gd665578_windows32\libcef_dll\ctocpp\views\window_ctocpp.cc C:\Users\Administrator\Desktop\cef_binary_3.3202.1686.gd665578_windows32\libcef_dll\wrapper\cef_byte_read_handler.cc C:\Users\Administrator\Desktop\cef_binary_3.3202.1686.gd665578_windows32\libcef_dll\wrapper\cef_closure_task.cc C:\Users\Administrator\Desktop\cef_binary_3.3202.1686.gd665578_windows32\libcef_dll\wrapper\cef_message_router.cc C:\Users\Administrator\Desktop\cef_binary_3.3202.1686.gd665578_windows32\libcef_dll\wrapper\cef_resource_manager.cc C:\Users\Administrator\Desktop\cef_binary_3.3202.1686.gd665578_windows32\libcef_dll\wrapper\cef_scoped_temp_dir.cc C:\Users\Administrator\Desktop\cef_binary_3.3202.1686.gd665578_windows32\libcef_dll\wrapper\cef_stream_resource_handler.cc C:\Users\Administrator\Desktop\cef_binary_3.3202.1686.gd665578_windows32\libcef_dll\wrapper\cef_xml_object.cc C:\Users\Administrator\Desktop\cef_binary_3.3202.1686.gd665578_windows32\libcef_dll\wrapper\cef_zip_archive.cc C:\Users\Administrator\Desktop\cef_binary_3.3202.1686.gd665578_windows32\libcef_dll\wrapper\libcef_dll_wrapper.cc C:\Users\Administrator\Desktop\cef_binary_3.3202.1686.gd665578_windows32\libcef_dll\wrapper\libcef_dll_wrapper2.cc
         transfer_util.cc
         cef_atomicops_x86_gcc.cc
         cef_bind_helpers.cc
         cef_callback_helpers.cc
         cef_callback_internal.cc
         cef_lock.cc
         cef_lock_impl.cc
         cef_logging.cc
         cef_ref_counted.cc
         cef_string16.cc
         cef_thread_checker_impl.cc
         cef_thread_collision_warner.cc
         cef_weak_ptr.cc
         accessibility_handler_cpptoc.cc
         app_cpptoc.cc
         base_ref_counted_cpptoc.cc
         base_scoped_cpptoc.cc
         browser_process_handler_cpptoc.cc
         client_cpptoc.cc
         completion_callback_cpptoc.cc
         context_menu_handler_cpptoc.cc
         cookie_visitor_cpptoc.cc
         delete_cookies_callback_cpptoc.cc
         dialog_handler_cpptoc.cc
         display_handler_cpptoc.cc
         domvisitor_cpptoc.cc
         download_handler_cpptoc.cc
         download_image_callback_cpptoc.cc
         drag_handler_cpptoc.cc
         end_tracing_callback_cpptoc.cc
         extension_handler_cpptoc.cc
         find_handler_cpptoc.cc
         focus_handler_cpptoc.cc
         geolocation_handler_cpptoc.cc
         get_geolocation_callback_cpptoc.cc
         jsdialog_handler_cpptoc.cc
         keyboard_handler_cpptoc.cc
         life_span_handler_cpptoc.cc
         load_handler_cpptoc.cc
         menu_model_delegate_cpptoc.cc
         navigation_entry_visitor_cpptoc.cc
         pdf_print_callback_cpptoc.cc
         print_handler_cpptoc.cc
         read_handler_cpptoc.cc
         register_cdm_callback_cpptoc.cc
         render_handler_cpptoc.cc
         render_process_handler_cpptoc.cc
         request_context_handler_cpptoc.cc
         request_handler_cpptoc.cc
         resolve_callback_cpptoc.cc
         resource_bundle_handler_cpptoc.cc
         resource_handler_cpptoc.cc
         response_filter_cpptoc.cc
         run_file_dialog_callback_cpptoc.cc
         scheme_handler_factory_cpptoc.cc
         set_cookie_callback_cpptoc.cc
         string_visitor_cpptoc.cc
         task_cpptoc.cc
         urlrequest_client_cpptoc.cc
         v8accessor_cpptoc.cc
         v8handler_cpptoc.cc
         v8interceptor_cpptoc.cc
         web_plugin_info_visitor_cpptoc.cc
         web_plugin_unstable_callback_cpptoc.cc
         write_handler_cpptoc.cc
         translator_test_ref_ptr_client_child_cpptoc.cc
         translator_test_ref_ptr_client_cpptoc.cc
         translator_test_scoped_client_child_cpptoc.cc
         translator_test_scoped_client_cpptoc.cc
         browser_view_delegate_cpptoc.cc
         button_delegate_cpptoc.cc
         menu_button_delegate_cpptoc.cc
         panel_delegate_cpptoc.cc
         textfield_delegate_cpptoc.cc
         view_delegate_cpptoc.cc
         window_delegate_cpptoc.cc
         auth_callback_ctocpp.cc
         before_download_callback_ctocpp.cc
         binary_value_ctocpp.cc
         browser_ctocpp.cc
         browser_host_ctocpp.cc
         callback_ctocpp.cc
         command_line_ctocpp.cc
         context_menu_params_ctocpp.cc
         cookie_manager_ctocpp.cc
         dictionary_value_ctocpp.cc
         domdocument_ctocpp.cc
         domnode_ctocpp.cc
         download_item_callback_ctocpp.cc
         download_item_ctocpp.cc
         drag_data_ctocpp.cc
         extension_ctocpp.cc
         file_dialog_callback_ctocpp.cc
         frame_ctocpp.cc
         geolocation_callback_ctocpp.cc
         get_extension_resource_callback_ctocpp.cc
         image_ctocpp.cc
         jsdialog_callback_ctocpp.cc
         list_value_ctocpp.cc
         menu_model_ctocpp.cc
         navigation_entry_ctocpp.cc
         post_data_ctocpp.cc
         post_data_element_ctocpp.cc
         print_dialog_callback_ctocpp.cc
         print_job_callback_ctocpp.cc
         print_settings_ctocpp.cc
         process_message_ctocpp.cc
         request_callback_ctocpp.cc
         request_context_ctocpp.cc
         request_ctocpp.cc
         resource_bundle_ctocpp.cc
         response_ctocpp.cc
         run_context_menu_callback_ctocpp.cc
         scheme_registrar_ctocpp.cc
         select_client_certificate_callback_ctocpp.cc
         sslinfo_ctocpp.cc
         sslstatus_ctocpp.cc
         stream_reader_ctocpp.cc
         stream_writer_ctocpp.cc
         task_runner_ctocpp.cc
         thread_ctocpp.cc
         urlrequest_ctocpp.cc
         v8context_ctocpp.cc
         v8exception_ctocpp.cc
         v8stack_frame_ctocpp.cc
         v8stack_trace_ctocpp.cc
         v8value_ctocpp.cc
         value_ctocpp.cc
         waitable_event_ctocpp.cc
         web_plugin_info_ctocpp.cc
         x509cert_principal_ctocpp.cc
         x509certificate_ctocpp.cc
         xml_reader_ctocpp.cc
         zip_reader_ctocpp.cc
         translator_test_ctocpp.cc
         translator_test_ref_ptr_library_child_child_ctocpp.cc
         translator_test_ref_ptr_library_child_ctocpp.cc
         translator_test_ref_ptr_library_ctocpp.cc
         translator_test_scoped_library_child_child_ctocpp.cc
         translator_test_scoped_library_child_ctocpp.cc
         translator_test_scoped_library_ctocpp.cc
         box_layout_ctocpp.cc
         browser_view_ctocpp.cc
         button_ctocpp.cc
         display_ctocpp.cc
         fill_layout_ctocpp.cc
         label_button_ctocpp.cc
         layout_ctocpp.cc
         menu_button_ctocpp.cc
         menu_button_pressed_lock_ctocpp.cc
         panel_ctocpp.cc
         scroll_view_ctocpp.cc
         textfield_ctocpp.cc
         view_ctocpp.cc
         window_ctocpp.cc
         cef_byte_read_handler.cc
         cef_closure_task.cc
         cef_message_router.cc
         cef_resource_manager.cc
         cef_scoped_temp_dir.cc
         cef_stream_resource_handler.cc
         cef_xml_object.cc
         cef_zip_archive.cc
         libcef_dll_wrapper.cc
         libcef_dll_wrapper2.cc
       Lib:
         C:\Program Files (x86)\Microsoft Visual Studio 12.0\VC\bin\Lib.exe /OUT:"C:\Users\Administrator\Desktop\cef_binary_3.3202.1686.gd665578_windows32\libcef_dll_wrapper\Debug\libcef_dll_wrapper.lib" /NOLOGO   /machine:X86 libcef_dll_wrapper.dir\Debug\transfer_util.obj
         libcef_dll_wrapper.dir\Debug\cef_atomicops_x86_gcc.obj
         libcef_dll_wrapper.dir\Debug\cef_bind_helpers.obj
         libcef_dll_wrapper.dir\Debug\cef_callback_helpers.obj
         libcef_dll_wrapper.dir\Debug\cef_callback_internal.obj
         libcef_dll_wrapper.dir\Debug\cef_lock.obj
         libcef_dll_wrapper.dir\Debug\cef_lock_impl.obj
         libcef_dll_wrapper.dir\Debug\cef_logging.obj
         libcef_dll_wrapper.dir\Debug\cef_ref_counted.obj
         libcef_dll_wrapper.dir\Debug\cef_string16.obj
         libcef_dll_wrapper.dir\Debug\cef_thread_checker_impl.obj
         libcef_dll_wrapper.dir\Debug\cef_thread_collision_warner.obj
         libcef_dll_wrapper.dir\Debug\cef_weak_ptr.obj
         libcef_dll_wrapper.dir\Debug\accessibility_handler_cpptoc.obj
         libcef_dll_wrapper.dir\Debug\app_cpptoc.obj
         libcef_dll_wrapper.dir\Debug\base_ref_counted_cpptoc.obj
         libcef_dll_wrapper.dir\Debug\base_scoped_cpptoc.obj
         libcef_dll_wrapper.dir\Debug\browser_process_handler_cpptoc.obj
         libcef_dll_wrapper.dir\Debug\client_cpptoc.obj
         libcef_dll_wrapper.dir\Debug\completion_callback_cpptoc.obj
         libcef_dll_wrapper.dir\Debug\context_menu_handler_cpptoc.obj
         libcef_dll_wrapper.dir\Debug\cookie_visitor_cpptoc.obj
         libcef_dll_wrapper.dir\Debug\delete_cookies_callback_cpptoc.obj
         libcef_dll_wrapper.dir\Debug\dialog_handler_cpptoc.obj
         libcef_dll_wrapper.dir\Debug\display_handler_cpptoc.obj
         libcef_dll_wrapper.dir\Debug\domvisitor_cpptoc.obj
         libcef_dll_wrapper.dir\Debug\download_handler_cpptoc.obj
         libcef_dll_wrapper.dir\Debug\download_image_callback_cpptoc.obj
         libcef_dll_wrapper.dir\Debug\drag_handler_cpptoc.obj
         libcef_dll_wrapper.dir\Debug\end_tracing_callback_cpptoc.obj
         libcef_dll_wrapper.dir\Debug\extension_handler_cpptoc.obj
         libcef_dll_wrapper.dir\Debug\find_handler_cpptoc.obj
         libcef_dll_wrapper.dir\Debug\focus_handler_cpptoc.obj
         libcef_dll_wrapper.dir\Debug\geolocation_handler_cpptoc.obj
         libcef_dll_wrapper.dir\Debug\get_geolocation_callback_cpptoc.obj
         libcef_dll_wrapper.dir\Debug\jsdialog_handler_cpptoc.obj
         libcef_dll_wrapper.dir\Debug\keyboard_handler_cpptoc.obj
         libcef_dll_wrapper.dir\Debug\life_span_handler_cpptoc.obj
         libcef_dll_wrapper.dir\Debug\load_handler_cpptoc.obj
         libcef_dll_wrapper.dir\Debug\menu_model_delegate_cpptoc.obj
         libcef_dll_wrapper.dir\Debug\navigation_entry_visitor_cpptoc.obj
         libcef_dll_wrapper.dir\Debug\pdf_print_callback_cpptoc.obj
         libcef_dll_wrapper.dir\Debug\print_handler_cpptoc.obj
         libcef_dll_wrapper.dir\Debug\read_handler_cpptoc.obj
         libcef_dll_wrapper.dir\Debug\register_cdm_callback_cpptoc.obj
         libcef_dll_wrapper.dir\Debug\render_handler_cpptoc.obj
         libcef_dll_wrapper.dir\Debug\render_process_handler_cpptoc.obj
         libcef_dll_wrapper.dir\Debug\request_context_handler_cpptoc.obj
         libcef_dll_wrapper.dir\Debug\request_handler_cpptoc.obj
         libcef_dll_wrapper.dir\Debug\resolve_callback_cpptoc.obj
         libcef_dll_wrapper.dir\Debug\resource_bundle_handler_cpptoc.obj
         libcef_dll_wrapper.dir\Debug\resource_handler_cpptoc.obj
         libcef_dll_wrapper.dir\Debug\response_filter_cpptoc.obj
         libcef_dll_wrapper.dir\Debug\run_file_dialog_callback_cpptoc.obj
         libcef_dll_wrapper.dir\Debug\scheme_handler_factory_cpptoc.obj
         libcef_dll_wrapper.dir\Debug\set_cookie_callback_cpptoc.obj
         libcef_dll_wrapper.dir\Debug\string_visitor_cpptoc.obj
         libcef_dll_wrapper.dir\Debug\task_cpptoc.obj
         libcef_dll_wrapper.dir\Debug\urlrequest_client_cpptoc.obj
         libcef_dll_wrapper.dir\Debug\v8accessor_cpptoc.obj
         libcef_dll_wrapper.dir\Debug\v8handler_cpptoc.obj
         libcef_dll_wrapper.dir\Debug\v8interceptor_cpptoc.obj
         libcef_dll_wrapper.dir\Debug\web_plugin_info_visitor_cpptoc.obj
         libcef_dll_wrapper.dir\Debug\web_plugin_unstable_callback_cpptoc.obj
         libcef_dll_wrapper.dir\Debug\write_handler_cpptoc.obj
         libcef_dll_wrapper.dir\Debug\translator_test_ref_ptr_client_child_cpptoc.obj
         libcef_dll_wrapper.dir\Debug\translator_test_ref_ptr_client_cpptoc.obj
         libcef_dll_wrapper.dir\Debug\translator_test_scoped_client_child_cpptoc.obj
         libcef_dll_wrapper.dir\Debug\translator_test_scoped_client_cpptoc.obj
         libcef_dll_wrapper.dir\Debug\browser_view_delegate_cpptoc.obj
         libcef_dll_wrapper.dir\Debug\button_delegate_cpptoc.obj
         libcef_dll_wrapper.dir\Debug\menu_button_delegate_cpptoc.obj
         libcef_dll_wrapper.dir\Debug\panel_delegate_cpptoc.obj
         libcef_dll_wrapper.dir\Debug\textfield_delegate_cpptoc.obj
         libcef_dll_wrapper.dir\Debug\view_delegate_cpptoc.obj
         libcef_dll_wrapper.dir\Debug\window_delegate_cpptoc.obj
         libcef_dll_wrapper.dir\Debug\auth_callback_ctocpp.obj
         libcef_dll_wrapper.dir\Debug\before_download_callback_ctocpp.obj
         libcef_dll_wrapper.dir\Debug\binary_value_ctocpp.obj
         libcef_dll_wrapper.dir\Debug\browser_ctocpp.obj
         libcef_dll_wrapper.dir\Debug\browser_host_ctocpp.obj
         libcef_dll_wrapper.dir\Debug\callback_ctocpp.obj
         libcef_dll_wrapper.dir\Debug\command_line_ctocpp.obj
         libcef_dll_wrapper.dir\Debug\context_menu_params_ctocpp.obj
         libcef_dll_wrapper.dir\Debug\cookie_manager_ctocpp.obj
         libcef_dll_wrapper.dir\Debug\dictionary_value_ctocpp.obj
         libcef_dll_wrapper.dir\Debug\domdocument_ctocpp.obj
         libcef_dll_wrapper.dir\Debug\domnode_ctocpp.obj
         libcef_dll_wrapper.dir\Debug\download_item_callback_ctocpp.obj
         libcef_dll_wrapper.dir\Debug\download_item_ctocpp.obj
         libcef_dll_wrapper.dir\Debug\drag_data_ctocpp.obj
         libcef_dll_wrapper.dir\Debug\extension_ctocpp.obj
         libcef_dll_wrapper.dir\Debug\file_dialog_callback_ctocpp.obj
         libcef_dll_wrapper.dir\Debug\frame_ctocpp.obj
         libcef_dll_wrapper.dir\Debug\geolocation_callback_ctocpp.obj
         libcef_dll_wrapper.dir\Debug\get_extension_resource_callback_ctocpp.obj
         libcef_dll_wrapper.dir\Debug\image_ctocpp.obj
         libcef_dll_wrapper.dir\Debug\jsdialog_callback_ctocpp.obj
         libcef_dll_wrapper.dir\Debug\list_value_ctocpp.obj
         libcef_dll_wrapper.dir\Debug\menu_model_ctocpp.obj
         libcef_dll_wrapper.dir\Debug\navigation_entry_ctocpp.obj
         libcef_dll_wrapper.dir\Debug\post_data_ctocpp.obj
         libcef_dll_wrapper.dir\Debug\post_data_element_ctocpp.obj
         libcef_dll_wrapper.dir\Debug\print_dialog_callback_ctocpp.obj
         libcef_dll_wrapper.dir\Debug\print_job_callback_ctocpp.obj
         libcef_dll_wrapper.dir\Debug\print_settings_ctocpp.obj
         libcef_dll_wrapper.dir\Debug\process_message_ctocpp.obj
         libcef_dll_wrapper.dir\Debug\request_callback_ctocpp.obj
         libcef_dll_wrapper.dir\Debug\request_context_ctocpp.obj
         libcef_dll_wrapper.dir\Debug\request_ctocpp.obj
         libcef_dll_wrapper.dir\Debug\resource_bundle_ctocpp.obj
         libcef_dll_wrapper.dir\Debug\response_ctocpp.obj
         libcef_dll_wrapper.dir\Debug\run_context_menu_callback_ctocpp.obj
         libcef_dll_wrapper.dir\Debug\scheme_registrar_ctocpp.obj
         libcef_dll_wrapper.dir\Debug\select_client_certificate_callback_ctocpp.obj
         libcef_dll_wrapper.dir\Debug\sslinfo_ctocpp.obj
         libcef_dll_wrapper.dir\Debug\sslstatus_ctocpp.obj
         libcef_dll_wrapper.dir\Debug\stream_reader_ctocpp.obj
         libcef_dll_wrapper.dir\Debug\stream_writer_ctocpp.obj
         libcef_dll_wrapper.dir\Debug\task_runner_ctocpp.obj
         libcef_dll_wrapper.dir\Debug\thread_ctocpp.obj
         libcef_dll_wrapper.dir\Debug\urlrequest_ctocpp.obj
         libcef_dll_wrapper.dir\Debug\v8context_ctocpp.obj
         libcef_dll_wrapper.dir\Debug\v8exception_ctocpp.obj
         libcef_dll_wrapper.dir\Debug\v8stack_frame_ctocpp.obj
         libcef_dll_wrapper.dir\Debug\v8stack_trace_ctocpp.obj
         libcef_dll_wrapper.dir\Debug\v8value_ctocpp.obj
         libcef_dll_wrapper.dir\Debug\value_ctocpp.obj
         libcef_dll_wrapper.dir\Debug\waitable_event_ctocpp.obj
         libcef_dll_wrapper.dir\Debug\web_plugin_info_ctocpp.obj
         libcef_dll_wrapper.dir\Debug\x509cert_principal_ctocpp.obj
         libcef_dll_wrapper.dir\Debug\x509certificate_ctocpp.obj
         libcef_dll_wrapper.dir\Debug\xml_reader_ctocpp.obj
         libcef_dll_wrapper.dir\Debug\zip_reader_ctocpp.obj
         libcef_dll_wrapper.dir\Debug\translator_test_ctocpp.obj
         libcef_dll_wrapper.dir\Debug\translator_test_ref_ptr_library_child_child_ctocpp.obj
         libcef_dll_wrapper.dir\Debug\translator_test_ref_ptr_library_child_ctocpp.obj
         libcef_dll_wrapper.dir\Debug\translator_test_ref_ptr_library_ctocpp.obj
         libcef_dll_wrapper.dir\Debug\translator_test_scoped_library_child_child_ctocpp.obj
         libcef_dll_wrapper.dir\Debug\translator_test_scoped_library_child_ctocpp.obj
         libcef_dll_wrapper.dir\Debug\translator_test_scoped_library_ctocpp.obj
         libcef_dll_wrapper.dir\Debug\box_layout_ctocpp.obj
         libcef_dll_wrapper.dir\Debug\browser_view_ctocpp.obj
         libcef_dll_wrapper.dir\Debug\button_ctocpp.obj
         libcef_dll_wrapper.dir\Debug\display_ctocpp.obj
         libcef_dll_wrapper.dir\Debug\fill_layout_ctocpp.obj
         libcef_dll_wrapper.dir\Debug\label_button_ctocpp.obj
         libcef_dll_wrapper.dir\Debug\layout_ctocpp.obj
         libcef_dll_wrapper.dir\Debug\menu_button_ctocpp.obj
         libcef_dll_wrapper.dir\Debug\menu_button_pressed_lock_ctocpp.obj
         libcef_dll_wrapper.dir\Debug\panel_ctocpp.obj
         libcef_dll_wrapper.dir\Debug\scroll_view_ctocpp.obj
         libcef_dll_wrapper.dir\Debug\textfield_ctocpp.obj
         libcef_dll_wrapper.dir\Debug\view_ctocpp.obj
         libcef_dll_wrapper.dir\Debug\window_ctocpp.obj
         libcef_dll_wrapper.dir\Debug\cef_byte_read_handler.obj
         libcef_dll_wrapper.dir\Debug\cef_closure_task.obj
         libcef_dll_wrapper.dir\Debug\cef_message_router.obj
         libcef_dll_wrapper.dir\Debug\cef_resource_manager.obj
         libcef_dll_wrapper.dir\Debug\cef_scoped_temp_dir.obj
         libcef_dll_wrapper.dir\Debug\cef_stream_resource_handler.obj
         libcef_dll_wrapper.dir\Debug\cef_xml_object.obj
         libcef_dll_wrapper.dir\Debug\cef_zip_archive.obj
         libcef_dll_wrapper.dir\Debug\libcef_dll_wrapper.obj
         libcef_dll_wrapper.dir\Debug\libcef_dll_wrapper2.obj
     1>cef_string16.obj : warning LNK4221: 此对象文件未定义任何之前未定义的公共符号，因此任何耗用此库的链接操作都不会使用此文件
         libcef_dll_wrapper.vcxproj -> C:\Users\Administrator\Desktop\cef_binary_3.3202.1686.gd665578_windows32\libcef_dll_wrapper\Debug\libcef_dll_wrapper.lib
     1>已完成生成项目“C:\Users\Administrator\Desktop\cef_binary_3.3202.1686.gd665578_windows32\libcef_dll_wrapper\libcef_dll_wrapper.vcxproj”(Build 个目标)的操作。

生成成功。

已用时间 00:00:21.57
